resnet101  running on number  0
==> Preparing data..
Files already downloaded and verified
Files already downloaded and verified
==> Building model..

Epoch: 0
TrainAcc: 30.674
TestAcc: 42.74
Saving..

Epoch: 1
TrainAcc: 48.48
TestAcc: 46.92
Saving..

Epoch: 2
TrainAcc: 60.286
TestAcc: 56.87
Saving..

Epoch: 3
TrainAcc: 68.642
TestAcc: 71.02
Saving..

Epoch: 4
TrainAcc: 75.618
TestAcc: 72.58
Saving..

Epoch: 5
TrainAcc: 79.37
TestAcc: 75.4
Saving..

Epoch: 6
TrainAcc: 82.05
TestAcc: 76.53
Saving..

Epoch: 7
TrainAcc: 84.036
TestAcc: 73.51

Epoch: 8
TrainAcc: 85.654
TestAcc: 80.58
Saving..

Epoch: 9
TrainAcc: 87.062
TestAcc: 74.51

Epoch: 10
TrainAcc: 88.118
TestAcc: 83.75
Saving..

Epoch: 11
TrainAcc: 89.152
TestAcc: 83.96
Saving..

Epoch: 12
TrainAcc: 90.056
TestAcc: 83.92

Epoch: 13
TrainAcc: 90.882
TestAcc: 84.58
Saving..

Epoch: 14
TrainAcc: 91.652
TestAcc: 86.33
Saving..

Epoch: 15
TrainAcc: 92.162
TestAcc: 85.14

Epoch: 16
TrainAcc: 92.842
TestAcc: 87.49
Saving..

Epoch: 17
TrainAcc: 93.378
TestAcc: 87.2

Epoch: 18
TrainAcc: 93.962
TestAcc: 87.2

Epoch: 19
TrainAcc: 94.112
TestAcc: 85.09

Epoch: 20
TrainAcc: 94.638
TestAcc: 88.01
Saving..

Epoch: 21
TrainAcc: 95.028
TestAcc: 86.9

Epoch: 22
TrainAcc: 95.238
TestAcc: 88.82
Saving..

Epoch: 23
TrainAcc: 95.552
TestAcc: 88.86
Saving..

Epoch: 24
TrainAcc: 95.918
TestAcc: 88.78

Epoch: 25
TrainAcc: 96.326
TestAcc: 84.8

Epoch: 26
TrainAcc: 96.56
TestAcc: 88.71

Epoch: 27
TrainAcc: 96.434
TestAcc: 88.99
Saving..

Epoch: 28
TrainAcc: 97.008
TestAcc: 89.39
Saving..

Epoch: 29
TrainAcc: 96.998
TestAcc: 90.19
Saving..

Epoch: 30
TrainAcc: 97.046
TestAcc: 88.19

Epoch: 31
TrainAcc: 97.326
TestAcc: 88.42

Epoch: 32
TrainAcc: 97.524
TestAcc: 89.92

Epoch: 33
TrainAcc: 97.678
TestAcc: 89.98

Epoch: 34
TrainAcc: 97.74
TestAcc: 88.37

Epoch: 35
TrainAcc: 97.944
TestAcc: 90.26
Saving..

Epoch: 36
TrainAcc: 98.046
TestAcc: 90.5
Saving..

Epoch: 37
TrainAcc: 98.1
TestAcc: 90.14

Epoch: 38
TrainAcc: 98.254
TestAcc: 90.33

Epoch: 39
TrainAcc: 98.234
TestAcc: 91.09
Saving..

Epoch: 40
TrainAcc: 98.542
TestAcc: 91.12
Saving..

Epoch: 41
TrainAcc: 98.5
TestAcc: 91.03

Epoch: 42
TrainAcc: 98.476
TestAcc: 91.02

Epoch: 43
TrainAcc: 98.576
TestAcc: 90.6

Epoch: 44
TrainAcc: 98.668
TestAcc: 90.91

Epoch: 45
TrainAcc: 98.706
TestAcc: 91.54
Saving..

Epoch: 46
TrainAcc: 98.7
TestAcc: 90.95

Epoch: 47
TrainAcc: 98.892
TestAcc: 90.62

Epoch: 48
TrainAcc: 98.884
TestAcc: 90.76

Epoch: 49
TrainAcc: 98.872
TestAcc: 91.13

Epoch: 50
TrainAcc: 98.942
TestAcc: 90.99

Epoch: 51
TrainAcc: 98.942
TestAcc: 90.79

Epoch: 52
TrainAcc: 99.056
TestAcc: 91.85
Saving..

Epoch: 53
TrainAcc: 99.054
TestAcc: 91.27

Epoch: 54
TrainAcc: 99.176
TestAcc: 91.46

Epoch: 55
TrainAcc: 99.154
TestAcc: 91.7

Epoch: 56
TrainAcc: 99.218
TestAcc: 91.29

Epoch: 57
TrainAcc: 99.162
TestAcc: 90.72

Epoch: 58
TrainAcc: 99.206
TestAcc: 90.41

Epoch: 59
TrainAcc: 99.328
TestAcc: 91.47

Epoch: 60
TrainAcc: 99.39
TestAcc: 91.79

Epoch: 61
TrainAcc: 99.364
TestAcc: 91.47

Epoch: 62
TrainAcc: 99.292
TestAcc: 87.65

Epoch: 63
TrainAcc: 99.232
TestAcc: 91.48

Epoch: 64
TrainAcc: 99.396
TestAcc: 91.48

Epoch: 65
TrainAcc: 99.328
TestAcc: 91.01

Epoch: 66
TrainAcc: 99.502
TestAcc: 91.43

Epoch: 67
TrainAcc: 99.428
TestAcc: 91.36

Epoch: 68
TrainAcc: 99.418
TestAcc: 91.59

Epoch: 69
TrainAcc: 99.434
TestAcc: 91.88
Saving..

Epoch: 70
TrainAcc: 99.454
TestAcc: 91.84

Epoch: 71
TrainAcc: 99.45
TestAcc: 91.9
Saving..

Epoch: 72
TrainAcc: 99.424
TestAcc: 91.67

Epoch: 73
TrainAcc: 99.466
TestAcc: 91.87

Epoch: 74
TrainAcc: 99.588
TestAcc: 91.87

Epoch: 75
TrainAcc: 99.486
TestAcc: 91.62

Epoch: 76
TrainAcc: 99.48
TestAcc: 91.19

Epoch: 77
TrainAcc: 99.54
TestAcc: 92.12
Saving..

Epoch: 78
TrainAcc: 99.588
TestAcc: 91.87

Epoch: 79
TrainAcc: 99.56
TestAcc: 91.76

Epoch: 80
TrainAcc: 99.57
TestAcc: 91.45

Epoch: 81
TrainAcc: 99.576
TestAcc: 91.72

Epoch: 82
TrainAcc: 99.514
TestAcc: 91.82

Epoch: 83
TrainAcc: 99.63
TestAcc: 92.14
Saving..

Epoch: 84
TrainAcc: 99.538
TestAcc: 91.63

Epoch: 85
TrainAcc: 99.606
TestAcc: 92.11

Epoch: 86
TrainAcc: 99.508
TestAcc: 92.58
Saving..

Epoch: 87
TrainAcc: 99.638
TestAcc: 92.07

Epoch: 88
TrainAcc: 99.644
TestAcc: 92.08

Epoch: 89
TrainAcc: 99.642
TestAcc: 91.63

Epoch: 90
TrainAcc: 99.698
TestAcc: 92.13

Epoch: 91
TrainAcc: 99.648
TestAcc: 91.96

Epoch: 92
TrainAcc: 99.72
TestAcc: 91.3

Epoch: 93
TrainAcc: 99.602
TestAcc: 90.75

Epoch: 94
TrainAcc: 99.65
TestAcc: 91.92

Epoch: 95
TrainAcc: 99.602
TestAcc: 92.51

Epoch: 96
TrainAcc: 99.672
TestAcc: 92.05

Epoch: 97
TrainAcc: 99.68
TestAcc: 92.53

Epoch: 98
TrainAcc: 99.69
TestAcc: 92.02

Epoch: 99
TrainAcc: 99.608
TestAcc: 92.59
Saving..

Epoch: 100
TrainAcc: 99.69
TestAcc: 92.02

Epoch: 101
TrainAcc: 99.72
TestAcc: 91.9

Epoch: 102
TrainAcc: 99.762
TestAcc: 92.34

Epoch: 103
TrainAcc: 99.702
TestAcc: 92.41

Epoch: 104
TrainAcc: 99.602
TestAcc: 92.08

Epoch: 105
TrainAcc: 99.7
TestAcc: 91.9

Epoch: 106
TrainAcc: 99.762
TestAcc: 92.52

Epoch: 107
TrainAcc: 99.752
TestAcc: 92.23

Epoch: 108
TrainAcc: 99.714
TestAcc: 92.23

Epoch: 109
TrainAcc: 99.782
TestAcc: 92.14

Epoch: 110
TrainAcc: 99.712
TestAcc: 92.65
Saving..

Epoch: 111
TrainAcc: 99.8
TestAcc: 92.23

Epoch: 112
TrainAcc: 99.752
TestAcc: 92.43

Epoch: 113
TrainAcc: 99.714
TestAcc: 92.47

Epoch: 114
TrainAcc: 99.78
TestAcc: 92.09

Epoch: 115
TrainAcc: 99.774
TestAcc: 91.96

Epoch: 116
TrainAcc: 99.784
TestAcc: 92.13

Epoch: 117
TrainAcc: 99.71
TestAcc: 92.4

Epoch: 118
TrainAcc: 99.804
TestAcc: 92.11

Epoch: 119
TrainAcc: 99.792
TestAcc: 91.87

Epoch: 120
TrainAcc: 99.762
TestAcc: 92.13

Epoch: 121
TrainAcc: 99.872
TestAcc: 92.52

Epoch: 122
TrainAcc: 99.8
TestAcc: 92.01

Epoch: 123
TrainAcc: 99.65
TestAcc: 92.17

Epoch: 124
TrainAcc: 99.828
TestAcc: 91.91

Epoch: 125
TrainAcc: 99.808
TestAcc: 92.39

Epoch: 126
TrainAcc: 99.744
TestAcc: 92.48

Epoch: 127
TrainAcc: 99.824
TestAcc: 92.31

Epoch: 128
TrainAcc: 99.86
TestAcc: 91.68

Epoch: 129
TrainAcc: 99.766
TestAcc: 92.2

Epoch: 130
TrainAcc: 99.834
TestAcc: 92.51

Epoch: 131
TrainAcc: 99.89
TestAcc: 92.67
Saving..

Epoch: 132
TrainAcc: 99.798
TestAcc: 92.49

Epoch: 133
TrainAcc: 99.776
TestAcc: 91.84

Epoch: 134
TrainAcc: 99.696
TestAcc: 92.3

Epoch: 135
TrainAcc: 99.776
TestAcc: 92.42

Epoch: 136
TrainAcc: 99.87
TestAcc: 92.17

Epoch: 137
TrainAcc: 99.878
TestAcc: 85.66

Epoch: 138
TrainAcc: 99.79
TestAcc: 92.2

Epoch: 139
TrainAcc: 99.792
TestAcc: 91.99

Epoch: 140
TrainAcc: 99.816
TestAcc: 92.53

Epoch: 141
TrainAcc: 99.832
TestAcc: 92.97
Saving..

Epoch: 142
TrainAcc: 99.862
TestAcc: 92.59

Epoch: 143
TrainAcc: 99.832
TestAcc: 92.28

Epoch: 144
TrainAcc: 99.808
TestAcc: 92.44

Epoch: 145
TrainAcc: 99.814
TestAcc: 92.49

Epoch: 146
TrainAcc: 99.83
TestAcc: 91.98

Epoch: 147
TrainAcc: 99.896
TestAcc: 92.55

Epoch: 148
TrainAcc: 99.872
TestAcc: 91.84

Epoch: 149
TrainAcc: 99.782
TestAcc: 92.56

Epoch: 150
TrainAcc: 99.87
TestAcc: 92.66

Epoch: 151
TrainAcc: 99.832
TestAcc: 92.38

Epoch: 152
TrainAcc: 99.866
TestAcc: 92.63

Epoch: 153
TrainAcc: 99.846
TestAcc: 92.15

Epoch: 154
TrainAcc: 99.894
TestAcc: 91.95

Epoch: 155
TrainAcc: 99.84
TestAcc: 90.68

Epoch: 156
TrainAcc: 99.858
TestAcc: 92.62

Epoch: 157
TrainAcc: 99.886
TestAcc: 92.44

Epoch: 158
TrainAcc: 99.86
TestAcc: 92.6

Epoch: 159
TrainAcc: 99.826
TestAcc: 92.18

Epoch: 160
TrainAcc: 99.792
TestAcc: 92.49

Epoch: 161
TrainAcc: 99.812
TestAcc: 92.54

Epoch: 162
TrainAcc: 99.9
TestAcc: 92.86

Epoch: 163
TrainAcc: 99.888
TestAcc: 92.79

Epoch: 164
TrainAcc: 99.846
TestAcc: 92.78

Epoch: 165
TrainAcc: 99.816
TestAcc: 92.82

Epoch: 166
TrainAcc: 99.926
TestAcc: 92.65

Epoch: 167
TrainAcc: 99.936
TestAcc: 92.92

Epoch: 168
TrainAcc: 99.848
TestAcc: 92.82

Epoch: 169
TrainAcc: 99.882
TestAcc: 92.91

Epoch: 170
TrainAcc: 99.906
TestAcc: 92.21

Epoch: 171
TrainAcc: 99.846
TestAcc: 92.82

Epoch: 172
TrainAcc: 99.804
TestAcc: 92.44

Epoch: 173
TrainAcc: 99.842
TestAcc: 92.52

Epoch: 174
TrainAcc: 99.87
TestAcc: 92.69

Epoch: 175
TrainAcc: 99.842
TestAcc: 92.54

Epoch: 176
TrainAcc: 99.906
TestAcc: 92.36

Epoch: 177
TrainAcc: 99.914
TestAcc: 92.19

Epoch: 178
TrainAcc: 99.886
TestAcc: 90.69

Epoch: 179
TrainAcc: 99.858
TestAcc: 92.39

Epoch: 180
TrainAcc: 99.908
TestAcc: 92.5

Epoch: 181
TrainAcc: 99.88
TestAcc: 92.42

Epoch: 182
TrainAcc: 99.888
TestAcc: 92.88

Epoch: 183
TrainAcc: 99.916
TestAcc: 92.67

Epoch: 184
TrainAcc: 99.942
TestAcc: 92.63

Epoch: 185
TrainAcc: 99.878
TestAcc: 92.67

Epoch: 186
TrainAcc: 99.84
TestAcc: 92.33

Epoch: 187
TrainAcc: 99.936
TestAcc: 93.08
Saving..

Epoch: 188
TrainAcc: 99.926
TestAcc: 92.98

Epoch: 189
TrainAcc: 99.894
TestAcc: 92.56

Epoch: 190
TrainAcc: 99.846
TestAcc: 92.71

Epoch: 191
TrainAcc: 99.87
TestAcc: 92.32

Epoch: 192
TrainAcc: 99.856
TestAcc: 92.73

Epoch: 193
TrainAcc: 99.926
TestAcc: 92.8

Epoch: 194
TrainAcc: 99.866
TestAcc: 92.93

Epoch: 195
TrainAcc: 99.916
TestAcc: 93.1
Saving..

Epoch: 196
TrainAcc: 99.946
TestAcc: 93.07

Epoch: 197
TrainAcc: 99.83
TestAcc: 92.62

Epoch: 198
TrainAcc: 99.916
TestAcc: 92.65

Epoch: 199
TrainAcc: 99.914
TestAcc: 92.8

Epoch: 200
TrainAcc: 99.886
TestAcc: 93.04

Epoch: 201
TrainAcc: 99.908
TestAcc: 93.08

Epoch: 202
TrainAcc: 99.884
TestAcc: 93.14
Saving..

Epoch: 203
TrainAcc: 99.912
TestAcc: 92.32

Epoch: 204
TrainAcc: 99.906
TestAcc: 93.15
Saving..

Epoch: 205
TrainAcc: 99.94
TestAcc: 92.96

Epoch: 206
TrainAcc: 99.924
TestAcc: 92.87

Epoch: 207
TrainAcc: 99.876
TestAcc: 92.31

Epoch: 208
TrainAcc: 99.928
TestAcc: 92.58

Epoch: 209
TrainAcc: 99.868
TestAcc: 92.79

Epoch: 210
TrainAcc: 99.834
TestAcc: 92.54

Epoch: 211
TrainAcc: 99.858
TestAcc: 92.5

Epoch: 212
TrainAcc: 99.92
TestAcc: 92.6

Epoch: 213
TrainAcc: 99.938
TestAcc: 92.0

Epoch: 214
TrainAcc: 99.91
TestAcc: 92.61

Epoch: 215
TrainAcc: 99.916
TestAcc: 92.89

Epoch: 216
TrainAcc: 99.904
TestAcc: 92.63

Epoch: 217
TrainAcc: 99.902
TestAcc: 92.89

Epoch: 218
TrainAcc: 99.906
TestAcc: 92.75

Epoch: 219
TrainAcc: 99.914
TestAcc: 92.84

Epoch: 220
TrainAcc: 99.856
TestAcc: 92.58

Epoch: 221
TrainAcc: 99.888
TestAcc: 92.84

Epoch: 222
TrainAcc: 99.91
TestAcc: 92.87

Epoch: 223
TrainAcc: 99.902
TestAcc: 92.79

Epoch: 224
TrainAcc: 99.912
TestAcc: 92.9

Epoch: 225
TrainAcc: 99.848
TestAcc: 92.64

Epoch: 226
TrainAcc: 99.89
TestAcc: 93.05

Epoch: 227
TrainAcc: 99.932
TestAcc: 92.9

Epoch: 228
TrainAcc: 99.9
TestAcc: 92.67

Epoch: 229
TrainAcc: 99.888
TestAcc: 92.99

Epoch: 230
TrainAcc: 99.942
TestAcc: 92.95

Epoch: 231
TrainAcc: 99.948
TestAcc: 92.63

Epoch: 232
TrainAcc: 99.944
TestAcc: 92.91

Epoch: 233
TrainAcc: 99.95
TestAcc: 92.79

Epoch: 234
TrainAcc: 99.93
TestAcc: 93.13

Epoch: 235
TrainAcc: 99.904
TestAcc: 92.71

Epoch: 236
TrainAcc: 99.932
TestAcc: 93.19
Saving..

Epoch: 237
TrainAcc: 99.87
TestAcc: 92.84

Epoch: 238
TrainAcc: 99.94
TestAcc: 93.04

Epoch: 239
TrainAcc: 99.904
TestAcc: 93.12

Epoch: 240
TrainAcc: 99.95
TestAcc: 92.91

Epoch: 241
TrainAcc: 99.95
TestAcc: 92.95

Epoch: 242
TrainAcc: 99.912
TestAcc: 93.03

Epoch: 243
TrainAcc: 99.944
TestAcc: 92.64

Epoch: 244
TrainAcc: 99.92
TestAcc: 93.09

Epoch: 245
TrainAcc: 99.932
TestAcc: 92.88

Epoch: 246
TrainAcc: 99.93
TestAcc: 92.86

Epoch: 247
TrainAcc: 99.938
TestAcc: 92.83

Epoch: 248
TrainAcc: 99.904
TestAcc: 93.13

Epoch: 249
TrainAcc: 99.956
TestAcc: 92.65

Epoch: 250
TrainAcc: 99.926
TestAcc: 92.36

Epoch: 251
TrainAcc: 99.954
TestAcc: 93.16

Epoch: 252
TrainAcc: 99.962
TestAcc: 92.91

Epoch: 253
TrainAcc: 99.93
TestAcc: 92.92

Epoch: 254
TrainAcc: 99.902
TestAcc: 92.66

Epoch: 255
TrainAcc: 99.94
TestAcc: 93.19

Epoch: 256
TrainAcc: 99.878
TestAcc: 92.98

Epoch: 257
TrainAcc: 99.91
TestAcc: 93.21
Saving..

Epoch: 258
TrainAcc: 99.942
TestAcc: 92.97

Epoch: 259
TrainAcc: 99.936
TestAcc: 93.17

Epoch: 260
TrainAcc: 99.932
TestAcc: 92.78

Epoch: 261
TrainAcc: 99.9
TestAcc: 93.11

Epoch: 262
TrainAcc: 99.888
TestAcc: 93.0

Epoch: 263
TrainAcc: 99.932
TestAcc: 93.26
Saving..

Epoch: 264
TrainAcc: 99.958
TestAcc: 93.01

Epoch: 265
TrainAcc: 99.95
TestAcc: 93.5
Saving..

Epoch: 266
TrainAcc: 99.96
TestAcc: 93.29

Epoch: 267
TrainAcc: 99.944
TestAcc: 93.09

Epoch: 268
TrainAcc: 99.95
TestAcc: 92.9

Epoch: 269
TrainAcc: 99.92
TestAcc: 92.98

Epoch: 270
TrainAcc: 99.928
TestAcc: 92.69

Epoch: 271
TrainAcc: 99.844
TestAcc: 92.6

Epoch: 272
TrainAcc: 99.852
TestAcc: 93.08

Epoch: 273
TrainAcc: 99.98
TestAcc: 93.18

Epoch: 274
TrainAcc: 99.942
TestAcc: 93.03

Epoch: 275
TrainAcc: 99.98
TestAcc: 93.44

Epoch: 276
TrainAcc: 99.974
TestAcc: 93.27

Epoch: 277
TrainAcc: 99.956
TestAcc: 92.98

Epoch: 278
TrainAcc: 99.962
TestAcc: 92.91

Epoch: 279
TrainAcc: 99.948
TestAcc: 93.03

Epoch: 280
TrainAcc: 99.954
TestAcc: 92.89

Epoch: 281
TrainAcc: 99.95
TestAcc: 92.9

Epoch: 282
TrainAcc: 99.922
TestAcc: 92.8

Epoch: 283
TrainAcc: 99.94
TestAcc: 92.82

Epoch: 284
TrainAcc: 99.964
TestAcc: 93.12

Epoch: 285
TrainAcc: 99.988
TestAcc: 93.28

Epoch: 286
TrainAcc: 99.968
TestAcc: 93.05

Epoch: 287
TrainAcc: 99.964
TestAcc: 93.07

Epoch: 288
TrainAcc: 99.95
TestAcc: 92.87

Epoch: 289
TrainAcc: 99.92
TestAcc: 92.94

Epoch: 290
TrainAcc: 99.932
TestAcc: 93.11

Epoch: 291
TrainAcc: 99.912
TestAcc: 92.78

Epoch: 292
TrainAcc: 99.954
TestAcc: 93.23

Epoch: 293
TrainAcc: 99.946
TestAcc: 92.75

Epoch: 294
TrainAcc: 99.952
TestAcc: 92.78

Epoch: 295
TrainAcc: 99.974
TestAcc: 93.06

Epoch: 296
TrainAcc: 99.952
TestAcc: 93.16

Epoch: 297
TrainAcc: 99.922
TestAcc: 92.68

Epoch: 298
TrainAcc: 99.828
TestAcc: 92.55

Epoch: 299
TrainAcc: 99.882
TestAcc: 92.69

Epoch: 300
TrainAcc: 99.948
TestAcc: 92.87

Epoch: 301
TrainAcc: 99.958
TestAcc: 92.91

Epoch: 302
TrainAcc: 99.92
TestAcc: 93.28

Epoch: 303
TrainAcc: 99.972
TestAcc: 93.23

Epoch: 304
TrainAcc: 99.966
TestAcc: 93.02

Epoch: 305
TrainAcc: 99.956
TestAcc: 93.05

Epoch: 306
TrainAcc: 99.964
TestAcc: 92.88

Epoch: 307
TrainAcc: 99.988
TestAcc: 93.3

Epoch: 308
TrainAcc: 99.928
TestAcc: 92.33

Epoch: 309
TrainAcc: 99.912
TestAcc: 92.0

Epoch: 310
TrainAcc: 99.964
TestAcc: 93.21

Epoch: 311
TrainAcc: 99.924
TestAcc: 93.06

Epoch: 312
TrainAcc: 99.972
TestAcc: 93.23

Epoch: 313
TrainAcc: 99.922
TestAcc: 92.65

Epoch: 314
TrainAcc: 99.958
TestAcc: 93.06

Epoch: 315
TrainAcc: 99.934
TestAcc: 92.76

Epoch: 316
TrainAcc: 99.95
TestAcc: 92.73

Epoch: 317
TrainAcc: 99.946
TestAcc: 92.85

Epoch: 318
TrainAcc: 99.888
TestAcc: 92.64

Epoch: 319
TrainAcc: 99.892
TestAcc: 92.75

Epoch: 320
TrainAcc: 99.94
TestAcc: 93.23

Epoch: 321
TrainAcc: 99.96
TestAcc: 93.58
Saving..

Epoch: 322
TrainAcc: 99.926
TestAcc: 93.02

Epoch: 323
TrainAcc: 99.946
TestAcc: 93.23

Epoch: 324
TrainAcc: 99.934
TestAcc: 92.79

Epoch: 325
TrainAcc: 99.956
TestAcc: 93.25

Epoch: 326
TrainAcc: 99.954
TestAcc: 93.1

Epoch: 327
TrainAcc: 99.972
TestAcc: 93.13

Epoch: 328
TrainAcc: 99.976
TestAcc: 93.26

Epoch: 329
TrainAcc: 99.962
TestAcc: 92.91

Epoch: 330
TrainAcc: 99.968
TestAcc: 93.1

Epoch: 331
TrainAcc: 99.898
TestAcc: 92.67

Epoch: 332
TrainAcc: 99.886
TestAcc: 92.64

Epoch: 333
TrainAcc: 99.91
TestAcc: 92.98

Epoch: 334
TrainAcc: 99.946
TestAcc: 92.94

Epoch: 335
TrainAcc: 99.938
TestAcc: 92.65

Epoch: 336
TrainAcc: 99.954
TestAcc: 93.08

Epoch: 337
TrainAcc: 99.976
TestAcc: 93.01

Epoch: 338
TrainAcc: 99.982
TestAcc: 92.65

Epoch: 339
TrainAcc: 99.942
TestAcc: 92.62

Epoch: 340
TrainAcc: 99.926
TestAcc: 93.23

Epoch: 341
TrainAcc: 99.96
TestAcc: 93.3

Epoch: 342
TrainAcc: 99.978
TestAcc: 93.32

Epoch: 343
TrainAcc: 99.964
TestAcc: 92.93

Epoch: 344
TrainAcc: 99.936
TestAcc: 92.99

Epoch: 345
TrainAcc: 99.914
TestAcc: 92.95

Epoch: 346
TrainAcc: 99.952
TestAcc: 93.13

Epoch: 347
TrainAcc: 99.972
TestAcc: 93.29

Epoch: 348
TrainAcc: 99.938
TestAcc: 92.96

Epoch: 349
TrainAcc: 99.968
TestAcc: 93.19

Epoch: 350
TrainAcc: 99.96
TestAcc: 93.41

Epoch: 351
TrainAcc: 99.972
TestAcc: 93.21

Epoch: 352
TrainAcc: 99.978
TestAcc: 93.31

Epoch: 353
TrainAcc: 99.962
TestAcc: 93.14

Epoch: 354
TrainAcc: 99.944
TestAcc: 93.11

Epoch: 355
TrainAcc: 99.948
TestAcc: 92.88

Epoch: 356
TrainAcc: 99.948
TestAcc: 93.11

Epoch: 357
TrainAcc: 99.932
TestAcc: 93.09

Epoch: 358
TrainAcc: 99.906
TestAcc: 92.96

Epoch: 359
TrainAcc: 99.922
TestAcc: 92.4

Epoch: 360
TrainAcc: 99.932
TestAcc: 92.58

Epoch: 361
TrainAcc: 99.952
TestAcc: 93.26

Epoch: 362
TrainAcc: 99.956
TestAcc: 93.47

Epoch: 363
TrainAcc: 99.97
TestAcc: 93.33

Epoch: 364
TrainAcc: 99.96
TestAcc: 93.27

Epoch: 365
TrainAcc: 99.962
TestAcc: 91.87

Epoch: 366
TrainAcc: 99.918
TestAcc: 93.12

Epoch: 367
TrainAcc: 99.934
TestAcc: 92.89

Epoch: 368
TrainAcc: 99.958
TestAcc: 93.15

Epoch: 369
TrainAcc: 99.964
TestAcc: 92.73

Epoch: 370
TrainAcc: 99.938
TestAcc: 92.88

Epoch: 371
TrainAcc: 99.948
TestAcc: 92.96

Epoch: 372
TrainAcc: 99.936
TestAcc: 92.33

Epoch: 373
TrainAcc: 99.948
TestAcc: 92.98

Epoch: 374
TrainAcc: 99.95
TestAcc: 92.65

Epoch: 375
TrainAcc: 99.932
TestAcc: 93.09

Epoch: 376
TrainAcc: 99.906
TestAcc: 93.18

Epoch: 377
TrainAcc: 99.966
TestAcc: 93.11

Epoch: 378
TrainAcc: 99.94
TestAcc: 93.08

Epoch: 379
TrainAcc: 99.946
TestAcc: 92.87

Epoch: 380
TrainAcc: 99.964
TestAcc: 93.08

Epoch: 381
TrainAcc: 99.952
TestAcc: 92.91

Epoch: 382
TrainAcc: 99.956
TestAcc: 92.8

Epoch: 383
TrainAcc: 99.944
TestAcc: 92.77

Epoch: 384
TrainAcc: 99.956
TestAcc: 93.14

Epoch: 385
TrainAcc: 99.952
TestAcc: 92.71

Epoch: 386
TrainAcc: 99.98
TestAcc: 93.16

Epoch: 387
TrainAcc: 99.97
TestAcc: 93.2

Epoch: 388
TrainAcc: 99.966
TestAcc: 92.5

Epoch: 389
TrainAcc: 99.952
TestAcc: 92.92

Epoch: 390
TrainAcc: 99.956
TestAcc: 93.05

Epoch: 391
TrainAcc: 99.978
TestAcc: 93.0

Epoch: 392
TrainAcc: 99.968
TestAcc: 93.12

Epoch: 393
TrainAcc: 99.972
TestAcc: 93.29

Epoch: 394
TrainAcc: 99.964
TestAcc: 93.15

Epoch: 395
TrainAcc: 99.97
TestAcc: 93.1

Epoch: 396
TrainAcc: 99.988
TestAcc: 93.19

Epoch: 397
TrainAcc: 99.988
TestAcc: 93.25

Epoch: 398
TrainAcc: 99.978
TestAcc: 93.1

Epoch: 399
TrainAcc: 99.974
TestAcc: 93.07
