resnet101  running on number  6
==> Preparing data..
Files already downloaded and verified
Files already downloaded and verified
==> Building model..

Epoch: 0
TrainAcc: 30.99
TestAcc: 41.41
Saving..
[0.41409999999999997]

Epoch: 1
TrainAcc: 48.34
TestAcc: 50.95
Saving..
[0.41409999999999997, 0.5095000000000001]

Epoch: 2
TrainAcc: 59.274
TestAcc: 58.33
Saving..
[0.41409999999999997, 0.5095000000000001, 0.5832999999999999]

Epoch: 3
TrainAcc: 67.254
TestAcc: 64.11
Saving..
[0.41409999999999997, 0.5095000000000001, 0.5832999999999999, 0.6411]

Epoch: 4
TrainAcc: 73.26
TestAcc: 69.56
Saving..
[0.41409999999999997, 0.5095000000000001, 0.5832999999999999, 0.6411, 0.6956]

Epoch: 5
TrainAcc: 77.684
TestAcc: 77.1
Saving..
[0.41409999999999997, 0.5095000000000001, 0.5832999999999999, 0.6411, 0.6956, 0.7709999999999999]

Epoch: 6
TrainAcc: 80.382
TestAcc: 77.37
Saving..
[0.41409999999999997, 0.5095000000000001, 0.5832999999999999, 0.6411, 0.6956, 0.7709999999999999, 0.7737]

Epoch: 7
TrainAcc: 82.55
TestAcc: 80.36
Saving..
[0.41409999999999997, 0.5095000000000001, 0.5832999999999999, 0.6411, 0.6956, 0.7709999999999999, 0.7737, 0.8036]

Epoch: 8
TrainAcc: 84.36
TestAcc: 78.23
[0.41409999999999997, 0.5095000000000001, 0.5832999999999999, 0.6411, 0.6956, 0.7709999999999999, 0.7737, 0.8036, 0.7823]

Epoch: 9
TrainAcc: 85.836
TestAcc: 76.99
[0.41409999999999997, 0.5095000000000001, 0.5832999999999999, 0.6411, 0.6956, 0.7709999999999999, 0.7737, 0.8036, 0.7823, 0.7698999999999999]

Epoch: 10
TrainAcc: 87.08
TestAcc: 82.25
Saving..
[0.41409999999999997, 0.5095000000000001, 0.5832999999999999, 0.6411, 0.6956, 0.7709999999999999, 0.7737, 0.8036, 0.7823, 0.7698999999999999, 0.8225]

Epoch: 11
TrainAcc: 88.294
TestAcc: 85.12
Saving..
[0.41409999999999997, 0.5095000000000001, 0.5832999999999999, 0.6411, 0.6956, 0.7709999999999999, 0.7737, 0.8036, 0.7823, 0.7698999999999999, 0.8225, 0.8512000000000001]

Epoch: 12
TrainAcc: 89.256
TestAcc: 84.9
[0.41409999999999997, 0.5095000000000001, 0.5832999999999999, 0.6411, 0.6956, 0.7709999999999999, 0.7737, 0.8036, 0.7823, 0.7698999999999999, 0.8225, 0.8512000000000001, 0.8490000000000001]

Epoch: 13
TrainAcc: 89.97
TestAcc: 80.5
[0.41409999999999997, 0.5095000000000001, 0.5832999999999999, 0.6411, 0.6956, 0.7709999999999999, 0.7737, 0.8036, 0.7823, 0.7698999999999999, 0.8225, 0.8512000000000001, 0.8490000000000001, 0.805]

Epoch: 14
TrainAcc: 90.722
TestAcc: 86.92
Saving..
[0.41409999999999997, 0.5095000000000001, 0.5832999999999999, 0.6411, 0.6956, 0.7709999999999999, 0.7737, 0.8036, 0.7823, 0.7698999999999999, 0.8225, 0.8512000000000001, 0.8490000000000001, 0.805, 0.8692]

Epoch: 15
TrainAcc: 91.512
TestAcc: 87.08
Saving..
[0.41409999999999997, 0.5095000000000001, 0.5832999999999999, 0.6411, 0.6956, 0.7709999999999999, 0.7737, 0.8036, 0.7823, 0.7698999999999999, 0.8225, 0.8512000000000001, 0.8490000000000001, 0.805, 0.8692, 0.8708]

Epoch: 16
TrainAcc: 92.212
TestAcc: 86.95
[0.41409999999999997, 0.5095000000000001, 0.5832999999999999, 0.6411, 0.6956, 0.7709999999999999, 0.7737, 0.8036, 0.7823, 0.7698999999999999, 0.8225, 0.8512000000000001, 0.8490000000000001, 0.805, 0.8692, 0.8708, 0.8695]

Epoch: 17
TrainAcc: 92.84
TestAcc: 85.96
[0.41409999999999997, 0.5095000000000001, 0.5832999999999999, 0.6411, 0.6956, 0.7709999999999999, 0.7737, 0.8036, 0.7823, 0.7698999999999999, 0.8225, 0.8512000000000001, 0.8490000000000001, 0.805, 0.8692, 0.8708, 0.8695, 0.8595999999999999]

Epoch: 18
TrainAcc: 93.238
TestAcc: 85.33
[0.41409999999999997, 0.5095000000000001, 0.5832999999999999, 0.6411, 0.6956, 0.7709999999999999, 0.7737, 0.8036, 0.7823, 0.7698999999999999, 0.8225, 0.8512000000000001, 0.8490000000000001, 0.805, 0.8692, 0.8708, 0.8695, 0.8595999999999999, 0.8533]
ASWT False

Epoch: 19
TrainAcc: 93.746
TestAcc: 85.43
[0.41409999999999997, 0.5095000000000001, 0.5832999999999999, 0.6411, 0.6956, 0.7709999999999999, 0.7737, 0.8036, 0.7823, 0.7698999999999999, 0.8225, 0.8512000000000001, 0.8490000000000001, 0.805, 0.8692, 0.8708, 0.8695, 0.8595999999999999, 0.8533, 0.8543000000000001]
ASWT False

Epoch: 20
TrainAcc: 94.228
TestAcc: 85.32
[0.41409999999999997, 0.5095000000000001, 0.5832999999999999, 0.6411, 0.6956, 0.7709999999999999, 0.7737, 0.8036, 0.7823, 0.7698999999999999, 0.8225, 0.8512000000000001, 0.8490000000000001, 0.805, 0.8692, 0.8708, 0.8695, 0.8595999999999999, 0.8533, 0.8543000000000001, 0.8532]
ASWT False

Epoch: 21
TrainAcc: 94.66
TestAcc: 84.84
[0.41409999999999997, 0.5095000000000001, 0.5832999999999999, 0.6411, 0.6956, 0.7709999999999999, 0.7737, 0.8036, 0.7823, 0.7698999999999999, 0.8225, 0.8512000000000001, 0.8490000000000001, 0.805, 0.8692, 0.8708, 0.8695, 0.8595999999999999, 0.8533, 0.8543000000000001, 0.8532, 0.8484]
ASWT False

Epoch: 22
TrainAcc: 94.998
TestAcc: 88.73
Saving..
[0.41409999999999997, 0.5095000000000001, 0.5832999999999999, 0.6411, 0.6956, 0.7709999999999999, 0.7737, 0.8036, 0.7823, 0.7698999999999999, 0.8225, 0.8512000000000001, 0.8490000000000001, 0.805, 0.8692, 0.8708, 0.8695, 0.8595999999999999, 0.8533, 0.8543000000000001, 0.8532, 0.8484, 0.8873000000000001]
ASWT False

Epoch: 23
TrainAcc: 95.164
TestAcc: 87.55
[0.41409999999999997, 0.5095000000000001, 0.5832999999999999, 0.6411, 0.6956, 0.7709999999999999, 0.7737, 0.8036, 0.7823, 0.7698999999999999, 0.8225, 0.8512000000000001, 0.8490000000000001, 0.805, 0.8692, 0.8708, 0.8695, 0.8595999999999999, 0.8533, 0.8543000000000001, 0.8532, 0.8484, 0.8873000000000001, 0.8755]
ASWT False

Epoch: 24
TrainAcc: 95.602
TestAcc: 87.09
[0.41409999999999997, 0.5095000000000001, 0.5832999999999999, 0.6411, 0.6956, 0.7709999999999999, 0.7737, 0.8036, 0.7823, 0.7698999999999999, 0.8225, 0.8512000000000001, 0.8490000000000001, 0.805, 0.8692, 0.8708, 0.8695, 0.8595999999999999, 0.8533, 0.8543000000000001, 0.8532, 0.8484, 0.8873000000000001, 0.8755, 0.8709]
ASWT False

Epoch: 25
TrainAcc: 95.786
TestAcc: 89.07
Saving..
[0.41409999999999997, 0.5095000000000001, 0.5832999999999999, 0.6411, 0.6956, 0.7709999999999999, 0.7737, 0.8036, 0.7823, 0.7698999999999999, 0.8225, 0.8512000000000001, 0.8490000000000001, 0.805, 0.8692, 0.8708, 0.8695, 0.8595999999999999, 0.8533, 0.8543000000000001, 0.8532, 0.8484, 0.8873000000000001, 0.8755, 0.8709, 0.8906999999999999]
ASWT False

Epoch: 26
TrainAcc: 96.148
TestAcc: 88.07
[0.41409999999999997, 0.5095000000000001, 0.5832999999999999, 0.6411, 0.6956, 0.7709999999999999, 0.7737, 0.8036, 0.7823, 0.7698999999999999, 0.8225, 0.8512000000000001, 0.8490000000000001, 0.805, 0.8692, 0.8708, 0.8695, 0.8595999999999999, 0.8533, 0.8543000000000001, 0.8532, 0.8484, 0.8873000000000001, 0.8755, 0.8709, 0.8906999999999999, 0.8806999999999999]
ASWT False

Epoch: 27
TrainAcc: 96.46
TestAcc: 88.82
[0.41409999999999997, 0.5095000000000001, 0.5832999999999999, 0.6411, 0.6956, 0.7709999999999999, 0.7737, 0.8036, 0.7823, 0.7698999999999999, 0.8225, 0.8512000000000001, 0.8490000000000001, 0.805, 0.8692, 0.8708, 0.8695, 0.8595999999999999, 0.8533, 0.8543000000000001, 0.8532, 0.8484, 0.8873000000000001, 0.8755, 0.8709, 0.8906999999999999, 0.8806999999999999, 0.8881999999999999]
ASWT False

Epoch: 28
TrainAcc: 96.508
TestAcc: 89.77
Saving..
[0.41409999999999997, 0.5095000000000001, 0.5832999999999999, 0.6411, 0.6956, 0.7709999999999999, 0.7737, 0.8036, 0.7823, 0.7698999999999999, 0.8225, 0.8512000000000001, 0.8490000000000001, 0.805, 0.8692, 0.8708, 0.8695, 0.8595999999999999, 0.8533, 0.8543000000000001, 0.8532, 0.8484, 0.8873000000000001, 0.8755, 0.8709, 0.8906999999999999, 0.8806999999999999, 0.8881999999999999, 0.8976999999999999]
ASWT False

Epoch: 29
TrainAcc: 96.956
TestAcc: 86.29
[0.41409999999999997, 0.5095000000000001, 0.5832999999999999, 0.6411, 0.6956, 0.7709999999999999, 0.7737, 0.8036, 0.7823, 0.7698999999999999, 0.8225, 0.8512000000000001, 0.8490000000000001, 0.805, 0.8692, 0.8708, 0.8695, 0.8595999999999999, 0.8533, 0.8543000000000001, 0.8532, 0.8484, 0.8873000000000001, 0.8755, 0.8709, 0.8906999999999999, 0.8806999999999999, 0.8881999999999999, 0.8976999999999999, 0.8629000000000001]
ASWT False

Epoch: 30
TrainAcc: 97.036
TestAcc: 89.99
Saving..
[0.41409999999999997, 0.5095000000000001, 0.5832999999999999, 0.6411, 0.6956, 0.7709999999999999, 0.7737, 0.8036, 0.7823, 0.7698999999999999, 0.8225, 0.8512000000000001, 0.8490000000000001, 0.805, 0.8692, 0.8708, 0.8695, 0.8595999999999999, 0.8533, 0.8543000000000001, 0.8532, 0.8484, 0.8873000000000001, 0.8755, 0.8709, 0.8906999999999999, 0.8806999999999999, 0.8881999999999999, 0.8976999999999999, 0.8629000000000001, 0.8998999999999999]
ASWT False

Epoch: 31
TrainAcc: 97.226
TestAcc: 88.38
[0.41409999999999997, 0.5095000000000001, 0.5832999999999999, 0.6411, 0.6956, 0.7709999999999999, 0.7737, 0.8036, 0.7823, 0.7698999999999999, 0.8225, 0.8512000000000001, 0.8490000000000001, 0.805, 0.8692, 0.8708, 0.8695, 0.8595999999999999, 0.8533, 0.8543000000000001, 0.8532, 0.8484, 0.8873000000000001, 0.8755, 0.8709, 0.8906999999999999, 0.8806999999999999, 0.8881999999999999, 0.8976999999999999, 0.8629000000000001, 0.8998999999999999, 0.8837999999999999]
ASWT False

Epoch: 32
TrainAcc: 97.4
TestAcc: 86.34
[0.41409999999999997, 0.5095000000000001, 0.5832999999999999, 0.6411, 0.6956, 0.7709999999999999, 0.7737, 0.8036, 0.7823, 0.7698999999999999, 0.8225, 0.8512000000000001, 0.8490000000000001, 0.805, 0.8692, 0.8708, 0.8695, 0.8595999999999999, 0.8533, 0.8543000000000001, 0.8532, 0.8484, 0.8873000000000001, 0.8755, 0.8709, 0.8906999999999999, 0.8806999999999999, 0.8881999999999999, 0.8976999999999999, 0.8629000000000001, 0.8998999999999999, 0.8837999999999999, 0.8634000000000001]
ASWT False

Epoch: 33
TrainAcc: 97.632
TestAcc: 90.64
Saving..
[0.41409999999999997, 0.5095000000000001, 0.5832999999999999, 0.6411, 0.6956, 0.7709999999999999, 0.7737, 0.8036, 0.7823, 0.7698999999999999, 0.8225, 0.8512000000000001, 0.8490000000000001, 0.805, 0.8692, 0.8708, 0.8695, 0.8595999999999999, 0.8533, 0.8543000000000001, 0.8532, 0.8484, 0.8873000000000001, 0.8755, 0.8709, 0.8906999999999999, 0.8806999999999999, 0.8881999999999999, 0.8976999999999999, 0.8629000000000001, 0.8998999999999999, 0.8837999999999999, 0.8634000000000001, 0.9064]
ASWT False

Epoch: 34
TrainAcc: 97.742
TestAcc: 90.7
Saving..
[0.41409999999999997, 0.5095000000000001, 0.5832999999999999, 0.6411, 0.6956, 0.7709999999999999, 0.7737, 0.8036, 0.7823, 0.7698999999999999, 0.8225, 0.8512000000000001, 0.8490000000000001, 0.805, 0.8692, 0.8708, 0.8695, 0.8595999999999999, 0.8533, 0.8543000000000001, 0.8532, 0.8484, 0.8873000000000001, 0.8755, 0.8709, 0.8906999999999999, 0.8806999999999999, 0.8881999999999999, 0.8976999999999999, 0.8629000000000001, 0.8998999999999999, 0.8837999999999999, 0.8634000000000001, 0.9064, 0.907]
ASWT False

Epoch: 35
TrainAcc: 97.804
TestAcc: 89.08
[0.41409999999999997, 0.5095000000000001, 0.5832999999999999, 0.6411, 0.6956, 0.7709999999999999, 0.7737, 0.8036, 0.7823, 0.7698999999999999, 0.8225, 0.8512000000000001, 0.8490000000000001, 0.805, 0.8692, 0.8708, 0.8695, 0.8595999999999999, 0.8533, 0.8543000000000001, 0.8532, 0.8484, 0.8873000000000001, 0.8755, 0.8709, 0.8906999999999999, 0.8806999999999999, 0.8881999999999999, 0.8976999999999999, 0.8629000000000001, 0.8998999999999999, 0.8837999999999999, 0.8634000000000001, 0.9064, 0.907, 0.8908]
ASWT False

Epoch: 36
TrainAcc: 98.018
TestAcc: 91.12
Saving..
[0.41409999999999997, 0.5095000000000001, 0.5832999999999999, 0.6411, 0.6956, 0.7709999999999999, 0.7737, 0.8036, 0.7823, 0.7698999999999999, 0.8225, 0.8512000000000001, 0.8490000000000001, 0.805, 0.8692, 0.8708, 0.8695, 0.8595999999999999, 0.8533, 0.8543000000000001, 0.8532, 0.8484, 0.8873000000000001, 0.8755, 0.8709, 0.8906999999999999, 0.8806999999999999, 0.8881999999999999, 0.8976999999999999, 0.8629000000000001, 0.8998999999999999, 0.8837999999999999, 0.8634000000000001, 0.9064, 0.907, 0.8908, 0.9112]
ASWT False

Epoch: 37
TrainAcc: 98.016
TestAcc: 90.61
[0.41409999999999997, 0.5095000000000001, 0.5832999999999999, 0.6411, 0.6956, 0.7709999999999999, 0.7737, 0.8036, 0.7823, 0.7698999999999999, 0.8225, 0.8512000000000001, 0.8490000000000001, 0.805, 0.8692, 0.8708, 0.8695, 0.8595999999999999, 0.8533, 0.8543000000000001, 0.8532, 0.8484, 0.8873000000000001, 0.8755, 0.8709, 0.8906999999999999, 0.8806999999999999, 0.8881999999999999, 0.8976999999999999, 0.8629000000000001, 0.8998999999999999, 0.8837999999999999, 0.8634000000000001, 0.9064, 0.907, 0.8908, 0.9112, 0.9061]
ASWT False

Epoch: 38
TrainAcc: 98.066
TestAcc: 90.74
[0.41409999999999997, 0.5095000000000001, 0.5832999999999999, 0.6411, 0.6956, 0.7709999999999999, 0.7737, 0.8036, 0.7823, 0.7698999999999999, 0.8225, 0.8512000000000001, 0.8490000000000001, 0.805, 0.8692, 0.8708, 0.8695, 0.8595999999999999, 0.8533, 0.8543000000000001, 0.8532, 0.8484, 0.8873000000000001, 0.8755, 0.8709, 0.8906999999999999, 0.8806999999999999, 0.8881999999999999, 0.8976999999999999, 0.8629000000000001, 0.8998999999999999, 0.8837999999999999, 0.8634000000000001, 0.9064, 0.907, 0.8908, 0.9112, 0.9061, 0.9074]
ASWT False

Epoch: 39
TrainAcc: 98.19
TestAcc: 90.28
[0.41409999999999997, 0.5095000000000001, 0.5832999999999999, 0.6411, 0.6956, 0.7709999999999999, 0.7737, 0.8036, 0.7823, 0.7698999999999999, 0.8225, 0.8512000000000001, 0.8490000000000001, 0.805, 0.8692, 0.8708, 0.8695, 0.8595999999999999, 0.8533, 0.8543000000000001, 0.8532, 0.8484, 0.8873000000000001, 0.8755, 0.8709, 0.8906999999999999, 0.8806999999999999, 0.8881999999999999, 0.8976999999999999, 0.8629000000000001, 0.8998999999999999, 0.8837999999999999, 0.8634000000000001, 0.9064, 0.907, 0.8908, 0.9112, 0.9061, 0.9074, 0.9028]
ASWT False

Epoch: 40
TrainAcc: 98.354
TestAcc: 91.04
[0.41409999999999997, 0.5095000000000001, 0.5832999999999999, 0.6411, 0.6956, 0.7709999999999999, 0.7737, 0.8036, 0.7823, 0.7698999999999999, 0.8225, 0.8512000000000001, 0.8490000000000001, 0.805, 0.8692, 0.8708, 0.8695, 0.8595999999999999, 0.8533, 0.8543000000000001, 0.8532, 0.8484, 0.8873000000000001, 0.8755, 0.8709, 0.8906999999999999, 0.8806999999999999, 0.8881999999999999, 0.8976999999999999, 0.8629000000000001, 0.8998999999999999, 0.8837999999999999, 0.8634000000000001, 0.9064, 0.907, 0.8908, 0.9112, 0.9061, 0.9074, 0.9028, 0.9104000000000001]
ASWT False

Epoch: 41
TrainAcc: 98.34
TestAcc: 90.24
[0.41409999999999997, 0.5095000000000001, 0.5832999999999999, 0.6411, 0.6956, 0.7709999999999999, 0.7737, 0.8036, 0.7823, 0.7698999999999999, 0.8225, 0.8512000000000001, 0.8490000000000001, 0.805, 0.8692, 0.8708, 0.8695, 0.8595999999999999, 0.8533, 0.8543000000000001, 0.8532, 0.8484, 0.8873000000000001, 0.8755, 0.8709, 0.8906999999999999, 0.8806999999999999, 0.8881999999999999, 0.8976999999999999, 0.8629000000000001, 0.8998999999999999, 0.8837999999999999, 0.8634000000000001, 0.9064, 0.907, 0.8908, 0.9112, 0.9061, 0.9074, 0.9028, 0.9104000000000001, 0.9024]
ASWT False

Epoch: 42
TrainAcc: 98.53
TestAcc: 89.87
[0.41409999999999997, 0.5095000000000001, 0.5832999999999999, 0.6411, 0.6956, 0.7709999999999999, 0.7737, 0.8036, 0.7823, 0.7698999999999999, 0.8225, 0.8512000000000001, 0.8490000000000001, 0.805, 0.8692, 0.8708, 0.8695, 0.8595999999999999, 0.8533, 0.8543000000000001, 0.8532, 0.8484, 0.8873000000000001, 0.8755, 0.8709, 0.8906999999999999, 0.8806999999999999, 0.8881999999999999, 0.8976999999999999, 0.8629000000000001, 0.8998999999999999, 0.8837999999999999, 0.8634000000000001, 0.9064, 0.907, 0.8908, 0.9112, 0.9061, 0.9074, 0.9028, 0.9104000000000001, 0.9024, 0.8987]
ASWT False

Epoch: 43
TrainAcc: 98.446
TestAcc: 90.36
[0.41409999999999997, 0.5095000000000001, 0.5832999999999999, 0.6411, 0.6956, 0.7709999999999999, 0.7737, 0.8036, 0.7823, 0.7698999999999999, 0.8225, 0.8512000000000001, 0.8490000000000001, 0.805, 0.8692, 0.8708, 0.8695, 0.8595999999999999, 0.8533, 0.8543000000000001, 0.8532, 0.8484, 0.8873000000000001, 0.8755, 0.8709, 0.8906999999999999, 0.8806999999999999, 0.8881999999999999, 0.8976999999999999, 0.8629000000000001, 0.8998999999999999, 0.8837999999999999, 0.8634000000000001, 0.9064, 0.907, 0.8908, 0.9112, 0.9061, 0.9074, 0.9028, 0.9104000000000001, 0.9024, 0.8987, 0.9036]
ASWT False

Epoch: 44
TrainAcc: 98.61
TestAcc: 89.18
[0.41409999999999997, 0.5095000000000001, 0.5832999999999999, 0.6411, 0.6956, 0.7709999999999999, 0.7737, 0.8036, 0.7823, 0.7698999999999999, 0.8225, 0.8512000000000001, 0.8490000000000001, 0.805, 0.8692, 0.8708, 0.8695, 0.8595999999999999, 0.8533, 0.8543000000000001, 0.8532, 0.8484, 0.8873000000000001, 0.8755, 0.8709, 0.8906999999999999, 0.8806999999999999, 0.8881999999999999, 0.8976999999999999, 0.8629000000000001, 0.8998999999999999, 0.8837999999999999, 0.8634000000000001, 0.9064, 0.907, 0.8908, 0.9112, 0.9061, 0.9074, 0.9028, 0.9104000000000001, 0.9024, 0.8987, 0.9036, 0.8918]
ASWT False

Epoch: 45
TrainAcc: 98.574
TestAcc: 88.29
[0.41409999999999997, 0.5095000000000001, 0.5832999999999999, 0.6411, 0.6956, 0.7709999999999999, 0.7737, 0.8036, 0.7823, 0.7698999999999999, 0.8225, 0.8512000000000001, 0.8490000000000001, 0.805, 0.8692, 0.8708, 0.8695, 0.8595999999999999, 0.8533, 0.8543000000000001, 0.8532, 0.8484, 0.8873000000000001, 0.8755, 0.8709, 0.8906999999999999, 0.8806999999999999, 0.8881999999999999, 0.8976999999999999, 0.8629000000000001, 0.8998999999999999, 0.8837999999999999, 0.8634000000000001, 0.9064, 0.907, 0.8908, 0.9112, 0.9061, 0.9074, 0.9028, 0.9104000000000001, 0.9024, 0.8987, 0.9036, 0.8918, 0.8829]
ASWT False

Epoch: 46
TrainAcc: 98.614
TestAcc: 90.97
[0.41409999999999997, 0.5095000000000001, 0.5832999999999999, 0.6411, 0.6956, 0.7709999999999999, 0.7737, 0.8036, 0.7823, 0.7698999999999999, 0.8225, 0.8512000000000001, 0.8490000000000001, 0.805, 0.8692, 0.8708, 0.8695, 0.8595999999999999, 0.8533, 0.8543000000000001, 0.8532, 0.8484, 0.8873000000000001, 0.8755, 0.8709, 0.8906999999999999, 0.8806999999999999, 0.8881999999999999, 0.8976999999999999, 0.8629000000000001, 0.8998999999999999, 0.8837999999999999, 0.8634000000000001, 0.9064, 0.907, 0.8908, 0.9112, 0.9061, 0.9074, 0.9028, 0.9104000000000001, 0.9024, 0.8987, 0.9036, 0.8918, 0.8829, 0.9097]
ASWT False

Epoch: 47
TrainAcc: 98.79
TestAcc: 91.14
Saving..
[0.41409999999999997, 0.5095000000000001, 0.5832999999999999, 0.6411, 0.6956, 0.7709999999999999, 0.7737, 0.8036, 0.7823, 0.7698999999999999, 0.8225, 0.8512000000000001, 0.8490000000000001, 0.805, 0.8692, 0.8708, 0.8695, 0.8595999999999999, 0.8533, 0.8543000000000001, 0.8532, 0.8484, 0.8873000000000001, 0.8755, 0.8709, 0.8906999999999999, 0.8806999999999999, 0.8881999999999999, 0.8976999999999999, 0.8629000000000001, 0.8998999999999999, 0.8837999999999999, 0.8634000000000001, 0.9064, 0.907, 0.8908, 0.9112, 0.9061, 0.9074, 0.9028, 0.9104000000000001, 0.9024, 0.8987, 0.9036, 0.8918, 0.8829, 0.9097, 0.9114]
ASWT False

Epoch: 48
TrainAcc: 98.838
TestAcc: 91.17
Saving..
[0.41409999999999997, 0.5095000000000001, 0.5832999999999999, 0.6411, 0.6956, 0.7709999999999999, 0.7737, 0.8036, 0.7823, 0.7698999999999999, 0.8225, 0.8512000000000001, 0.8490000000000001, 0.805, 0.8692, 0.8708, 0.8695, 0.8595999999999999, 0.8533, 0.8543000000000001, 0.8532, 0.8484, 0.8873000000000001, 0.8755, 0.8709, 0.8906999999999999, 0.8806999999999999, 0.8881999999999999, 0.8976999999999999, 0.8629000000000001, 0.8998999999999999, 0.8837999999999999, 0.8634000000000001, 0.9064, 0.907, 0.8908, 0.9112, 0.9061, 0.9074, 0.9028, 0.9104000000000001, 0.9024, 0.8987, 0.9036, 0.8918, 0.8829, 0.9097, 0.9114, 0.9117000000000001]
ASWT False

Epoch: 49
TrainAcc: 98.938
TestAcc: 91.27
Saving..
[0.41409999999999997, 0.5095000000000001, 0.5832999999999999, 0.6411, 0.6956, 0.7709999999999999, 0.7737, 0.8036, 0.7823, 0.7698999999999999, 0.8225, 0.8512000000000001, 0.8490000000000001, 0.805, 0.8692, 0.8708, 0.8695, 0.8595999999999999, 0.8533, 0.8543000000000001, 0.8532, 0.8484, 0.8873000000000001, 0.8755, 0.8709, 0.8906999999999999, 0.8806999999999999, 0.8881999999999999, 0.8976999999999999, 0.8629000000000001, 0.8998999999999999, 0.8837999999999999, 0.8634000000000001, 0.9064, 0.907, 0.8908, 0.9112, 0.9061, 0.9074, 0.9028, 0.9104000000000001, 0.9024, 0.8987, 0.9036, 0.8918, 0.8829, 0.9097, 0.9114, 0.9117000000000001, 0.9127]
ASWT False

Epoch: 50
TrainAcc: 98.958
TestAcc: 89.6
[0.41409999999999997, 0.5095000000000001, 0.5832999999999999, 0.6411, 0.6956, 0.7709999999999999, 0.7737, 0.8036, 0.7823, 0.7698999999999999, 0.8225, 0.8512000000000001, 0.8490000000000001, 0.805, 0.8692, 0.8708, 0.8695, 0.8595999999999999, 0.8533, 0.8543000000000001, 0.8532, 0.8484, 0.8873000000000001, 0.8755, 0.8709, 0.8906999999999999, 0.8806999999999999, 0.8881999999999999, 0.8976999999999999, 0.8629000000000001, 0.8998999999999999, 0.8837999999999999, 0.8634000000000001, 0.9064, 0.907, 0.8908, 0.9112, 0.9061, 0.9074, 0.9028, 0.9104000000000001, 0.9024, 0.8987, 0.9036, 0.8918, 0.8829, 0.9097, 0.9114, 0.9117000000000001, 0.9127, 0.8959999999999999]
ASWT False

Epoch: 51
TrainAcc: 98.91
TestAcc: 90.42
[0.41409999999999997, 0.5095000000000001, 0.5832999999999999, 0.6411, 0.6956, 0.7709999999999999, 0.7737, 0.8036, 0.7823, 0.7698999999999999, 0.8225, 0.8512000000000001, 0.8490000000000001, 0.805, 0.8692, 0.8708, 0.8695, 0.8595999999999999, 0.8533, 0.8543000000000001, 0.8532, 0.8484, 0.8873000000000001, 0.8755, 0.8709, 0.8906999999999999, 0.8806999999999999, 0.8881999999999999, 0.8976999999999999, 0.8629000000000001, 0.8998999999999999, 0.8837999999999999, 0.8634000000000001, 0.9064, 0.907, 0.8908, 0.9112, 0.9061, 0.9074, 0.9028, 0.9104000000000001, 0.9024, 0.8987, 0.9036, 0.8918, 0.8829, 0.9097, 0.9114, 0.9117000000000001, 0.9127, 0.8959999999999999, 0.9042]
ASWT False

Epoch: 52
TrainAcc: 98.982
TestAcc: 89.73
[0.41409999999999997, 0.5095000000000001, 0.5832999999999999, 0.6411, 0.6956, 0.7709999999999999, 0.7737, 0.8036, 0.7823, 0.7698999999999999, 0.8225, 0.8512000000000001, 0.8490000000000001, 0.805, 0.8692, 0.8708, 0.8695, 0.8595999999999999, 0.8533, 0.8543000000000001, 0.8532, 0.8484, 0.8873000000000001, 0.8755, 0.8709, 0.8906999999999999, 0.8806999999999999, 0.8881999999999999, 0.8976999999999999, 0.8629000000000001, 0.8998999999999999, 0.8837999999999999, 0.8634000000000001, 0.9064, 0.907, 0.8908, 0.9112, 0.9061, 0.9074, 0.9028, 0.9104000000000001, 0.9024, 0.8987, 0.9036, 0.8918, 0.8829, 0.9097, 0.9114, 0.9117000000000001, 0.9127, 0.8959999999999999, 0.9042, 0.8973]
ASWT False

Epoch: 53
TrainAcc: 99.072
TestAcc: 91.42
Saving..
[0.41409999999999997, 0.5095000000000001, 0.5832999999999999, 0.6411, 0.6956, 0.7709999999999999, 0.7737, 0.8036, 0.7823, 0.7698999999999999, 0.8225, 0.8512000000000001, 0.8490000000000001, 0.805, 0.8692, 0.8708, 0.8695, 0.8595999999999999, 0.8533, 0.8543000000000001, 0.8532, 0.8484, 0.8873000000000001, 0.8755, 0.8709, 0.8906999999999999, 0.8806999999999999, 0.8881999999999999, 0.8976999999999999, 0.8629000000000001, 0.8998999999999999, 0.8837999999999999, 0.8634000000000001, 0.9064, 0.907, 0.8908, 0.9112, 0.9061, 0.9074, 0.9028, 0.9104000000000001, 0.9024, 0.8987, 0.9036, 0.8918, 0.8829, 0.9097, 0.9114, 0.9117000000000001, 0.9127, 0.8959999999999999, 0.9042, 0.8973, 0.9142]
ASWT False

Epoch: 54
TrainAcc: 99.06
TestAcc: 88.76
[0.41409999999999997, 0.5095000000000001, 0.5832999999999999, 0.6411, 0.6956, 0.7709999999999999, 0.7737, 0.8036, 0.7823, 0.7698999999999999, 0.8225, 0.8512000000000001, 0.8490000000000001, 0.805, 0.8692, 0.8708, 0.8695, 0.8595999999999999, 0.8533, 0.8543000000000001, 0.8532, 0.8484, 0.8873000000000001, 0.8755, 0.8709, 0.8906999999999999, 0.8806999999999999, 0.8881999999999999, 0.8976999999999999, 0.8629000000000001, 0.8998999999999999, 0.8837999999999999, 0.8634000000000001, 0.9064, 0.907, 0.8908, 0.9112, 0.9061, 0.9074, 0.9028, 0.9104000000000001, 0.9024, 0.8987, 0.9036, 0.8918, 0.8829, 0.9097, 0.9114, 0.9117000000000001, 0.9127, 0.8959999999999999, 0.9042, 0.8973, 0.9142, 0.8876000000000001]
ASWT False

Epoch: 55
TrainAcc: 99.13
TestAcc: 90.6
[0.41409999999999997, 0.5095000000000001, 0.5832999999999999, 0.6411, 0.6956, 0.7709999999999999, 0.7737, 0.8036, 0.7823, 0.7698999999999999, 0.8225, 0.8512000000000001, 0.8490000000000001, 0.805, 0.8692, 0.8708, 0.8695, 0.8595999999999999, 0.8533, 0.8543000000000001, 0.8532, 0.8484, 0.8873000000000001, 0.8755, 0.8709, 0.8906999999999999, 0.8806999999999999, 0.8881999999999999, 0.8976999999999999, 0.8629000000000001, 0.8998999999999999, 0.8837999999999999, 0.8634000000000001, 0.9064, 0.907, 0.8908, 0.9112, 0.9061, 0.9074, 0.9028, 0.9104000000000001, 0.9024, 0.8987, 0.9036, 0.8918, 0.8829, 0.9097, 0.9114, 0.9117000000000001, 0.9127, 0.8959999999999999, 0.9042, 0.8973, 0.9142, 0.8876000000000001, 0.9059999999999999]
ASWT False

Epoch: 56
TrainAcc: 98.938
TestAcc: 91.67
Saving..
[0.41409999999999997, 0.5095000000000001, 0.5832999999999999, 0.6411, 0.6956, 0.7709999999999999, 0.7737, 0.8036, 0.7823, 0.7698999999999999, 0.8225, 0.8512000000000001, 0.8490000000000001, 0.805, 0.8692, 0.8708, 0.8695, 0.8595999999999999, 0.8533, 0.8543000000000001, 0.8532, 0.8484, 0.8873000000000001, 0.8755, 0.8709, 0.8906999999999999, 0.8806999999999999, 0.8881999999999999, 0.8976999999999999, 0.8629000000000001, 0.8998999999999999, 0.8837999999999999, 0.8634000000000001, 0.9064, 0.907, 0.8908, 0.9112, 0.9061, 0.9074, 0.9028, 0.9104000000000001, 0.9024, 0.8987, 0.9036, 0.8918, 0.8829, 0.9097, 0.9114, 0.9117000000000001, 0.9127, 0.8959999999999999, 0.9042, 0.8973, 0.9142, 0.8876000000000001, 0.9059999999999999, 0.9167000000000001]
ASWT False

Epoch: 57
TrainAcc: 99.192
TestAcc: 91.73
Saving..
[0.41409999999999997, 0.5095000000000001, 0.5832999999999999, 0.6411, 0.6956, 0.7709999999999999, 0.7737, 0.8036, 0.7823, 0.7698999999999999, 0.8225, 0.8512000000000001, 0.8490000000000001, 0.805, 0.8692, 0.8708, 0.8695, 0.8595999999999999, 0.8533, 0.8543000000000001, 0.8532, 0.8484, 0.8873000000000001, 0.8755, 0.8709, 0.8906999999999999, 0.8806999999999999, 0.8881999999999999, 0.8976999999999999, 0.8629000000000001, 0.8998999999999999, 0.8837999999999999, 0.8634000000000001, 0.9064, 0.907, 0.8908, 0.9112, 0.9061, 0.9074, 0.9028, 0.9104000000000001, 0.9024, 0.8987, 0.9036, 0.8918, 0.8829, 0.9097, 0.9114, 0.9117000000000001, 0.9127, 0.8959999999999999, 0.9042, 0.8973, 0.9142, 0.8876000000000001, 0.9059999999999999, 0.9167000000000001, 0.9173]
ASWT False

Epoch: 58
TrainAcc: 99.194
TestAcc: 91.07
[0.41409999999999997, 0.5095000000000001, 0.5832999999999999, 0.6411, 0.6956, 0.7709999999999999, 0.7737, 0.8036, 0.7823, 0.7698999999999999, 0.8225, 0.8512000000000001, 0.8490000000000001, 0.805, 0.8692, 0.8708, 0.8695, 0.8595999999999999, 0.8533, 0.8543000000000001, 0.8532, 0.8484, 0.8873000000000001, 0.8755, 0.8709, 0.8906999999999999, 0.8806999999999999, 0.8881999999999999, 0.8976999999999999, 0.8629000000000001, 0.8998999999999999, 0.8837999999999999, 0.8634000000000001, 0.9064, 0.907, 0.8908, 0.9112, 0.9061, 0.9074, 0.9028, 0.9104000000000001, 0.9024, 0.8987, 0.9036, 0.8918, 0.8829, 0.9097, 0.9114, 0.9117000000000001, 0.9127, 0.8959999999999999, 0.9042, 0.8973, 0.9142, 0.8876000000000001, 0.9059999999999999, 0.9167000000000001, 0.9173, 0.9107]
ASWT False

Epoch: 59
TrainAcc: 99.014
TestAcc: 91.0
[0.41409999999999997, 0.5095000000000001, 0.5832999999999999, 0.6411, 0.6956, 0.7709999999999999, 0.7737, 0.8036, 0.7823, 0.7698999999999999, 0.8225, 0.8512000000000001, 0.8490000000000001, 0.805, 0.8692, 0.8708, 0.8695, 0.8595999999999999, 0.8533, 0.8543000000000001, 0.8532, 0.8484, 0.8873000000000001, 0.8755, 0.8709, 0.8906999999999999, 0.8806999999999999, 0.8881999999999999, 0.8976999999999999, 0.8629000000000001, 0.8998999999999999, 0.8837999999999999, 0.8634000000000001, 0.9064, 0.907, 0.8908, 0.9112, 0.9061, 0.9074, 0.9028, 0.9104000000000001, 0.9024, 0.8987, 0.9036, 0.8918, 0.8829, 0.9097, 0.9114, 0.9117000000000001, 0.9127, 0.8959999999999999, 0.9042, 0.8973, 0.9142, 0.8876000000000001, 0.9059999999999999, 0.9167000000000001, 0.9173, 0.9107, 0.91]
ASWT False

Epoch: 60
TrainAcc: 99.192
TestAcc: 90.18
[0.41409999999999997, 0.5095000000000001, 0.5832999999999999, 0.6411, 0.6956, 0.7709999999999999, 0.7737, 0.8036, 0.7823, 0.7698999999999999, 0.8225, 0.8512000000000001, 0.8490000000000001, 0.805, 0.8692, 0.8708, 0.8695, 0.8595999999999999, 0.8533, 0.8543000000000001, 0.8532, 0.8484, 0.8873000000000001, 0.8755, 0.8709, 0.8906999999999999, 0.8806999999999999, 0.8881999999999999, 0.8976999999999999, 0.8629000000000001, 0.8998999999999999, 0.8837999999999999, 0.8634000000000001, 0.9064, 0.907, 0.8908, 0.9112, 0.9061, 0.9074, 0.9028, 0.9104000000000001, 0.9024, 0.8987, 0.9036, 0.8918, 0.8829, 0.9097, 0.9114, 0.9117000000000001, 0.9127, 0.8959999999999999, 0.9042, 0.8973, 0.9142, 0.8876000000000001, 0.9059999999999999, 0.9167000000000001, 0.9173, 0.9107, 0.91, 0.9018]
ASWT False

Epoch: 61
TrainAcc: 99.234
TestAcc: 90.88
[0.41409999999999997, 0.5095000000000001, 0.5832999999999999, 0.6411, 0.6956, 0.7709999999999999, 0.7737, 0.8036, 0.7823, 0.7698999999999999, 0.8225, 0.8512000000000001, 0.8490000000000001, 0.805, 0.8692, 0.8708, 0.8695, 0.8595999999999999, 0.8533, 0.8543000000000001, 0.8532, 0.8484, 0.8873000000000001, 0.8755, 0.8709, 0.8906999999999999, 0.8806999999999999, 0.8881999999999999, 0.8976999999999999, 0.8629000000000001, 0.8998999999999999, 0.8837999999999999, 0.8634000000000001, 0.9064, 0.907, 0.8908, 0.9112, 0.9061, 0.9074, 0.9028, 0.9104000000000001, 0.9024, 0.8987, 0.9036, 0.8918, 0.8829, 0.9097, 0.9114, 0.9117000000000001, 0.9127, 0.8959999999999999, 0.9042, 0.8973, 0.9142, 0.8876000000000001, 0.9059999999999999, 0.9167000000000001, 0.9173, 0.9107, 0.91, 0.9018, 0.9087999999999999]
ASWT False

Epoch: 62
TrainAcc: 99.162
TestAcc: 91.33
[0.41409999999999997, 0.5095000000000001, 0.5832999999999999, 0.6411, 0.6956, 0.7709999999999999, 0.7737, 0.8036, 0.7823, 0.7698999999999999, 0.8225, 0.8512000000000001, 0.8490000000000001, 0.805, 0.8692, 0.8708, 0.8695, 0.8595999999999999, 0.8533, 0.8543000000000001, 0.8532, 0.8484, 0.8873000000000001, 0.8755, 0.8709, 0.8906999999999999, 0.8806999999999999, 0.8881999999999999, 0.8976999999999999, 0.8629000000000001, 0.8998999999999999, 0.8837999999999999, 0.8634000000000001, 0.9064, 0.907, 0.8908, 0.9112, 0.9061, 0.9074, 0.9028, 0.9104000000000001, 0.9024, 0.8987, 0.9036, 0.8918, 0.8829, 0.9097, 0.9114, 0.9117000000000001, 0.9127, 0.8959999999999999, 0.9042, 0.8973, 0.9142, 0.8876000000000001, 0.9059999999999999, 0.9167000000000001, 0.9173, 0.9107, 0.91, 0.9018, 0.9087999999999999, 0.9133]
ASWT False

Epoch: 63
TrainAcc: 99.386
TestAcc: 91.41
[0.41409999999999997, 0.5095000000000001, 0.5832999999999999, 0.6411, 0.6956, 0.7709999999999999, 0.7737, 0.8036, 0.7823, 0.7698999999999999, 0.8225, 0.8512000000000001, 0.8490000000000001, 0.805, 0.8692, 0.8708, 0.8695, 0.8595999999999999, 0.8533, 0.8543000000000001, 0.8532, 0.8484, 0.8873000000000001, 0.8755, 0.8709, 0.8906999999999999, 0.8806999999999999, 0.8881999999999999, 0.8976999999999999, 0.8629000000000001, 0.8998999999999999, 0.8837999999999999, 0.8634000000000001, 0.9064, 0.907, 0.8908, 0.9112, 0.9061, 0.9074, 0.9028, 0.9104000000000001, 0.9024, 0.8987, 0.9036, 0.8918, 0.8829, 0.9097, 0.9114, 0.9117000000000001, 0.9127, 0.8959999999999999, 0.9042, 0.8973, 0.9142, 0.8876000000000001, 0.9059999999999999, 0.9167000000000001, 0.9173, 0.9107, 0.91, 0.9018, 0.9087999999999999, 0.9133, 0.9140999999999999]
ASWT False

Epoch: 64
TrainAcc: 99.282
TestAcc: 89.11
[0.41409999999999997, 0.5095000000000001, 0.5832999999999999, 0.6411, 0.6956, 0.7709999999999999, 0.7737, 0.8036, 0.7823, 0.7698999999999999, 0.8225, 0.8512000000000001, 0.8490000000000001, 0.805, 0.8692, 0.8708, 0.8695, 0.8595999999999999, 0.8533, 0.8543000000000001, 0.8532, 0.8484, 0.8873000000000001, 0.8755, 0.8709, 0.8906999999999999, 0.8806999999999999, 0.8881999999999999, 0.8976999999999999, 0.8629000000000001, 0.8998999999999999, 0.8837999999999999, 0.8634000000000001, 0.9064, 0.907, 0.8908, 0.9112, 0.9061, 0.9074, 0.9028, 0.9104000000000001, 0.9024, 0.8987, 0.9036, 0.8918, 0.8829, 0.9097, 0.9114, 0.9117000000000001, 0.9127, 0.8959999999999999, 0.9042, 0.8973, 0.9142, 0.8876000000000001, 0.9059999999999999, 0.9167000000000001, 0.9173, 0.9107, 0.91, 0.9018, 0.9087999999999999, 0.9133, 0.9140999999999999, 0.8911]
ASWT False

Epoch: 65
TrainAcc: 99.154
TestAcc: 91.16
[0.41409999999999997, 0.5095000000000001, 0.5832999999999999, 0.6411, 0.6956, 0.7709999999999999, 0.7737, 0.8036, 0.7823, 0.7698999999999999, 0.8225, 0.8512000000000001, 0.8490000000000001, 0.805, 0.8692, 0.8708, 0.8695, 0.8595999999999999, 0.8533, 0.8543000000000001, 0.8532, 0.8484, 0.8873000000000001, 0.8755, 0.8709, 0.8906999999999999, 0.8806999999999999, 0.8881999999999999, 0.8976999999999999, 0.8629000000000001, 0.8998999999999999, 0.8837999999999999, 0.8634000000000001, 0.9064, 0.907, 0.8908, 0.9112, 0.9061, 0.9074, 0.9028, 0.9104000000000001, 0.9024, 0.8987, 0.9036, 0.8918, 0.8829, 0.9097, 0.9114, 0.9117000000000001, 0.9127, 0.8959999999999999, 0.9042, 0.8973, 0.9142, 0.8876000000000001, 0.9059999999999999, 0.9167000000000001, 0.9173, 0.9107, 0.91, 0.9018, 0.9087999999999999, 0.9133, 0.9140999999999999, 0.8911, 0.9116]
ASWT False

Epoch: 66
TrainAcc: 99.23
TestAcc: 92.16
Saving..
[0.41409999999999997, 0.5095000000000001, 0.5832999999999999, 0.6411, 0.6956, 0.7709999999999999, 0.7737, 0.8036, 0.7823, 0.7698999999999999, 0.8225, 0.8512000000000001, 0.8490000000000001, 0.805, 0.8692, 0.8708, 0.8695, 0.8595999999999999, 0.8533, 0.8543000000000001, 0.8532, 0.8484, 0.8873000000000001, 0.8755, 0.8709, 0.8906999999999999, 0.8806999999999999, 0.8881999999999999, 0.8976999999999999, 0.8629000000000001, 0.8998999999999999, 0.8837999999999999, 0.8634000000000001, 0.9064, 0.907, 0.8908, 0.9112, 0.9061, 0.9074, 0.9028, 0.9104000000000001, 0.9024, 0.8987, 0.9036, 0.8918, 0.8829, 0.9097, 0.9114, 0.9117000000000001, 0.9127, 0.8959999999999999, 0.9042, 0.8973, 0.9142, 0.8876000000000001, 0.9059999999999999, 0.9167000000000001, 0.9173, 0.9107, 0.91, 0.9018, 0.9087999999999999, 0.9133, 0.9140999999999999, 0.8911, 0.9116, 0.9216]
ASWT False

Epoch: 67
TrainAcc: 99.41
TestAcc: 91.46
[0.41409999999999997, 0.5095000000000001, 0.5832999999999999, 0.6411, 0.6956, 0.7709999999999999, 0.7737, 0.8036, 0.7823, 0.7698999999999999, 0.8225, 0.8512000000000001, 0.8490000000000001, 0.805, 0.8692, 0.8708, 0.8695, 0.8595999999999999, 0.8533, 0.8543000000000001, 0.8532, 0.8484, 0.8873000000000001, 0.8755, 0.8709, 0.8906999999999999, 0.8806999999999999, 0.8881999999999999, 0.8976999999999999, 0.8629000000000001, 0.8998999999999999, 0.8837999999999999, 0.8634000000000001, 0.9064, 0.907, 0.8908, 0.9112, 0.9061, 0.9074, 0.9028, 0.9104000000000001, 0.9024, 0.8987, 0.9036, 0.8918, 0.8829, 0.9097, 0.9114, 0.9117000000000001, 0.9127, 0.8959999999999999, 0.9042, 0.8973, 0.9142, 0.8876000000000001, 0.9059999999999999, 0.9167000000000001, 0.9173, 0.9107, 0.91, 0.9018, 0.9087999999999999, 0.9133, 0.9140999999999999, 0.8911, 0.9116, 0.9216, 0.9146]
ASWT False

Epoch: 68
TrainAcc: 99.334
TestAcc: 89.09
[0.41409999999999997, 0.5095000000000001, 0.5832999999999999, 0.6411, 0.6956, 0.7709999999999999, 0.7737, 0.8036, 0.7823, 0.7698999999999999, 0.8225, 0.8512000000000001, 0.8490000000000001, 0.805, 0.8692, 0.8708, 0.8695, 0.8595999999999999, 0.8533, 0.8543000000000001, 0.8532, 0.8484, 0.8873000000000001, 0.8755, 0.8709, 0.8906999999999999, 0.8806999999999999, 0.8881999999999999, 0.8976999999999999, 0.8629000000000001, 0.8998999999999999, 0.8837999999999999, 0.8634000000000001, 0.9064, 0.907, 0.8908, 0.9112, 0.9061, 0.9074, 0.9028, 0.9104000000000001, 0.9024, 0.8987, 0.9036, 0.8918, 0.8829, 0.9097, 0.9114, 0.9117000000000001, 0.9127, 0.8959999999999999, 0.9042, 0.8973, 0.9142, 0.8876000000000001, 0.9059999999999999, 0.9167000000000001, 0.9173, 0.9107, 0.91, 0.9018, 0.9087999999999999, 0.9133, 0.9140999999999999, 0.8911, 0.9116, 0.9216, 0.9146, 0.8909]
ASWT False

Epoch: 69
TrainAcc: 99.456
TestAcc: 92.0
[0.41409999999999997, 0.5095000000000001, 0.5832999999999999, 0.6411, 0.6956, 0.7709999999999999, 0.7737, 0.8036, 0.7823, 0.7698999999999999, 0.8225, 0.8512000000000001, 0.8490000000000001, 0.805, 0.8692, 0.8708, 0.8695, 0.8595999999999999, 0.8533, 0.8543000000000001, 0.8532, 0.8484, 0.8873000000000001, 0.8755, 0.8709, 0.8906999999999999, 0.8806999999999999, 0.8881999999999999, 0.8976999999999999, 0.8629000000000001, 0.8998999999999999, 0.8837999999999999, 0.8634000000000001, 0.9064, 0.907, 0.8908, 0.9112, 0.9061, 0.9074, 0.9028, 0.9104000000000001, 0.9024, 0.8987, 0.9036, 0.8918, 0.8829, 0.9097, 0.9114, 0.9117000000000001, 0.9127, 0.8959999999999999, 0.9042, 0.8973, 0.9142, 0.8876000000000001, 0.9059999999999999, 0.9167000000000001, 0.9173, 0.9107, 0.91, 0.9018, 0.9087999999999999, 0.9133, 0.9140999999999999, 0.8911, 0.9116, 0.9216, 0.9146, 0.8909, 0.92]
ASWT False

Epoch: 70
TrainAcc: 99.516
